<?xml version="1.0" encoding="UTF-8"?>
<!-- Generated by org.testng.reporters.JUnitReportReporter -->
<testsuite hostname="DESKTOP-QT14N5M" name="test.testlogin" tests="4" failures="0" timestamp="28 Apr 2021 13:48:55 GMT" time="32.090" errors="0">
  <testcase name="createnewissueTC" time="6.924" classname="test.testlogin"/>
  <testcase name="loginTC" time="8.531" classname="test.testlogin"/>
  <testcase name="searchexistingissueTC" time="11.900" classname="test.testlogin"/>
  <testcase name="existingissueupdateTC" time="4.735" classname="test.testlogin"/>
</testsuite> <!-- test.testlogin -->
